New log file opened at Fri Mar 10 08:28:48 IST 2017 by 23046@Knoldus
Taking next connection to: 34437
New client attempting to connect on port: 57230-34437
  Address = /127.0.1.1:34437
This client on port 57230 has uuid f498db33-106b-4f67-8b1c-098d11721b99 configName activator humanReadableName Activator protocolVersion 3 featureTags Vector()
Connected Clients: activator-f498db33-106b-4f67-8b1c-098d11721b99
Taking next connection to: 34437
Checking to see if clients are empty...
We have 1 non-daemon clients, continuing serving connections.
Taking next connection to: 34437
New client attempting to connect on port: 57238-34437
  Address = /127.0.1.1:34437
Handshake exception on socket: 57238
sbt.impl.ipc.HandshakeException: Unable to perform handshake
	at sbt.impl.ipc.Peer.handshake(IPC.scala:46)
	at sbt.impl.ipc.MultiClientServer.<init>(IPC.scala:150)
	at sbt.server.SbtServerSocketHandler$$anon$1.run(SbtServerSocketHandler.scala:43)
Caused by: java.io.EOFException
	at java.io.DataInputStream.readInt(DataInputStream.java:392)
	at sbt.impl.ipc.Peer.receive(IPC.scala:95)
	at sbt.impl.ipc.Peer.handshake(IPC.scala:49)
	... 2 more
Taking next connection to: 34437
New client attempting to connect on port: 57240-34437
  Address = /127.0.1.1:34437
This client on port 57240 has uuid e0b2c148-0d28-4a6e-9aad-d05e92e13914 configName activator humanReadableName Activator protocolVersion 3 featureTags Vector()
Connected Clients: activator-e0b2c148-0d28-4a6e-9aad-d05e92e13914
Taking next connection to: 34437
Server socket closed java.net.SocketException: Socket closed
Server socket thread exiting.
0 clients open, will close them...
All client sockets have been closed.
Closing the 23046@Knoldus logs at Fri Mar 10 08:35:14 IST 2017, goodbye.
